2019-08-10 00:11:35 [ERROR] File with the threads contains corrupted data: threads have duplicate numbers: [11, 11, 33, 44]
2019-08-10 00:12:26 [ERROR] File with the matrix contains corrupted data: matrix row contains  not a number: 3 3 1 9 6 5 5 1 9 i 1 3
2019-08-10 00:46:16 [ERROR] File with the threads contains corrupted data: threads have duplicate numbers: [11, 22, 33, 33]
2019-08-10 00:46:34 [ERROR] File with the threads contains corrupted data: matrix row contains  not a number: 4i
2019-08-10 00:46:49 [ERROR] File with the threads contains corrupted data: threads have duplicate names: [Thread-1, Thread-2, Thread-3, Thread-3]
2019-08-10 00:47:06 [ERROR] Amount of the threads does not match the task: actual 3
2019-08-10 00:47:20 [ERROR] File with the threads contains corrupted data: is empty
2019-08-10 00:47:34 [ERROR] File with the threads contains corrupted data: threads have incorrect priority numbers: [5, 5, 11, 5]
2019-08-11 19:24:19 [ERROR] File with the threads contains corrupted data: threads have duplicate numbers: [0, 22, 33, 44]
2019-08-11 19:24:19 [ERROR] File with the threads contains corrupted data: threads have duplicate numbers: [0, 22, 33, 44]
2019-08-11 19:27:24 [ERROR] Size of the matrix does not match the task
2019-08-11 19:27:24 [ERROR] Size of the matrix does not match the task
2019-08-11 19:54:56 [ERROR] File with the matrix contains corrupted data: matrix size can not be converted to a number
2019-08-11 19:54:56 [ERROR] File with the matrix contains corrupted data: matrix size can not be converted to a number
2019-08-12 11:04:04 [ERROR] File with the threads contains corrupted data: {"[,5,main]":11}
2019-08-12 11:04:04 [ERROR] File with the threads contains corrupted data: {"[,5,main]":11}
2019-08-12 11:04:55 [ERROR] File with the threads contains corrupted data: threads have incorrect priority numbers: [11, 5, 5, 5]
2019-08-12 11:04:55 [ERROR] File with the threads contains corrupted data: threads have incorrect priority numbers: [11, 5, 5, 5]
2019-08-12 11:06:03 [ERROR] File with the threads contains corrupted data: threads have duplicate numbers: [0, 22, 33, 44]
2019-08-12 11:06:03 [ERROR] File with the threads contains corrupted data: threads have duplicate numbers: [0, 22, 33, 44]
2019-08-12 11:07:08 [ERROR] Amount of the threads does not match the task: actual 16
2019-08-12 11:07:08 [ERROR] Amount of the threads does not match the task: actual 16
