2019-09-16 13:51:19 [ERROR] java.sql.SQLException: Column index out of range.
2019-09-16 13:52:19 [ERROR] java.sql.SQLException: Column index out of range.
2019-09-16 13:53:26 [ERROR] java.sql.SQLException: Column index out of range.
2019-09-16 13:56:21 [ERROR] java.sql.SQLException: Column index out of range.
2019-09-16 13:57:13 [ERROR] java.sql.SQLException: Column index out of range.
2019-09-16 13:57:41 [ERROR] java.sql.SQLException: Column index out of range.
2019-09-16 14:00:27 [ERROR] java.sql.SQLException: Column index out of range.
2019-09-16 14:01:12 [ERROR] java.sql.SQLException: Column index out of range.
2019-09-16 14:01:41 [ERROR] java.sql.SQLException: Column index out of range.
2019-09-16 21:17:43 [ERROR] javax.naming.NoInitialContextException: Need to specify class name in environment or system property, or in an application resource file: java.naming.factory.initial
2019-09-16 21:32:24 [ERROR] java.sql.SQLException: No value specified for parameter 4
2019-09-16 21:32:24 [ERROR] java.sql.SQLIntegrityConstraintViolationException: Cannot add or update a child row: a foreign key constraint fails
2019-09-16 21:34:03 [ERROR] java.sql.SQLException: No value specified for parameter 4
2019-09-16 21:40:25 [ERROR] java.sql.SQLException: No value specified for parameter 4
2019-09-24 00:22:33 [ERROR] java.sql.SQLSyntaxErrorException: You have an error in your SQL syntax; check the manual that corresponds to your MySQL server version for the right syntax to use near 'JOIN ON product.quantity_attribute_id = quantity_attribute.id' at line 1
2019-09-24 00:23:35 [ERROR] java.sql.SQLSyntaxErrorException: You have an error in your SQL syntax; check the manual that corresponds to your MySQL server version for the right syntax to use near 'JOIN ON product.quantity_attribute_id = quantity_attribute.id' at line 1
2019-09-24 00:24:09 [ERROR] java.sql.SQLSyntaxErrorException: You have an error in your SQL syntax; check the manual that corresponds to your MySQL server version for the right syntax to use near 'INNER JOIN ON product.quantity_attribute_id = quantity_attribute.id' at line 1
2019-09-24 00:24:29 [ERROR] java.sql.SQLException: Parameter index out of range (1 > number of parameters, which is 0).
2019-09-24 00:25:21 [ERROR] java.sql.SQLException: Parameter index out of range (1 > number of parameters, which is 0).
2019-09-24 00:25:47 [ERROR] java.sql.SQLException: Parameter index out of range (2 > number of parameters, which is 0).
2019-09-24 00:26:29 [ERROR] java.sql.SQLException: Parameter index out of range (0 < 1 ).
2019-09-24 00:26:47 [ERROR] java.sql.SQLException: Parameter index out of range (1 > number of parameters, which is 0).
2019-09-24 00:27:35 [ERROR] java.sql.SQLException: Parameter index out of range (1 > number of parameters, which is 0).
2019-09-24 00:28:01 [ERROR] java.sql.SQLSyntaxErrorException: You have an error in your SQL syntax; check the manual that corresponds to your MySQL server version for the right syntax to use near 'ON product.quantity_attribute_id = quantity_attribute.id WHERE product.applicati' at line 1
2019-09-24 00:28:52 [ERROR] java.sql.SQLSyntaxErrorException: You have an error in your SQL syntax; check the manual that corresponds to your MySQL server version for the right syntax to use near 'ON product.quantity_attribute_id = quantity_attribute.id WHERE product.applicati' at line 1
